2025-02-28 21:47:31,844 - INFO - Starting EDA process...
2025-02-28 21:47:31,846 - ERROR - Error loading data: [Errno 2] No such file or directory: 'final_cleaned_data.csv'
2025-02-28 21:47:31,846 - INFO - EDA process finished!
2025-02-28 21:48:23,149 - INFO - Starting EDA process...
2025-02-28 21:48:23,938 - INFO - Data loaded successfully from merged_cleaned_data.csv. Shape: (295658, 20)
2025-02-28 21:48:38,762 - INFO - Starting EDA process...
2025-02-28 21:48:39,471 - INFO - Data loaded successfully from merged_cleaned_data.csv. Shape: (295658, 20)
2025-02-28 21:51:01,734 - INFO - Starting EDA process...
2025-02-28 21:51:02,600 - INFO - Data loaded successfully from merged_cleaned_data.csv. Shape: (295658, 20)
2025-02-28 21:52:11,139 - INFO - Starting EDA process...
2025-02-28 21:52:11,974 - INFO - Data loaded successfully from merged_cleaned_data.csv. Shape: (295658, 20)
2025-02-28 21:52:12,401 - INFO - Statistical Summary:
                   count         mean          std       min       25%        50%        75%         max  skewness  kurtosis
temperature_2m  295658.0    11.261916     8.134965  -10.4915    4.9585    10.7585    17.3085     37.7085  0.165541 -0.594922
hour_x          295658.0    11.346752     6.932527    0.0000    5.0000    11.0000    17.0000     23.0000  0.040575 -1.222963
day_x           295658.0    15.416772     8.964715    1.0000    8.0000    15.0000    23.0000     31.0000  0.016548 -1.206798
month_x         295658.0     6.403304     3.504280    1.0000    3.0000     6.0000     9.0000     12.0000  0.009335 -1.228269
day_of_week_x   295658.0     3.060905     2.026442    0.0000    1.0000     3.0000     5.0000      6.0000 -0.023240 -1.273884
is_weekend_x    295658.0     0.300915     0.458657    0.0000    0.0000     0.0000     1.0000      1.0000  0.868127 -1.246364
value           295658.0  1553.749400  1451.080186  168.0000  695.0000  1118.0000  1721.0000  10830.0000  2.403490  5.928576
hour_y          295658.0    11.346752     6.932527    0.0000    5.0000    11.0000    17.0000     23.0000  0.040575 -1.222963
day_y           295658.0    15.416772     8.964715    1.0000    8.0000    15.0000    23.0000     31.0000  0.016548 -1.206798
month_y         295658.0     6.403304     3.504280    1.0000    3.0000     6.0000     9.0000     12.0000  0.009335 -1.228269
day_of_week_y   295658.0     3.060905     2.026442    0.0000    1.0000     3.0000     5.0000      6.0000 -0.023240 -1.273884
is_weekend_y    295658.0     0.300915     0.458657    0.0000    0.0000     0.0000     1.0000      1.0000  0.868127 -1.246364
2025-02-28 21:55:30,267 - INFO - Starting EDA process...
2025-02-28 21:55:30,992 - INFO - Data loaded successfully from merged_cleaned_data.csv. Shape: (295658, 20)
2025-02-28 21:55:31,244 - INFO - Statistical Summary:
                   count         mean          std       min       25%        50%        75%         max  skewness  kurtosis
temperature_2m  295658.0    11.261916     8.134965  -10.4915    4.9585    10.7585    17.3085     37.7085  0.165541 -0.594922
hour_x          295658.0    11.346752     6.932527    0.0000    5.0000    11.0000    17.0000     23.0000  0.040575 -1.222963
day_x           295658.0    15.416772     8.964715    1.0000    8.0000    15.0000    23.0000     31.0000  0.016548 -1.206798
month_x         295658.0     6.403304     3.504280    1.0000    3.0000     6.0000     9.0000     12.0000  0.009335 -1.228269
day_of_week_x   295658.0     3.060905     2.026442    0.0000    1.0000     3.0000     5.0000      6.0000 -0.023240 -1.273884
is_weekend_x    295658.0     0.300915     0.458657    0.0000    0.0000     0.0000     1.0000      1.0000  0.868127 -1.246364
value           295658.0  1553.749400  1451.080186  168.0000  695.0000  1118.0000  1721.0000  10830.0000  2.403490  5.928576
hour_y          295658.0    11.346752     6.932527    0.0000    5.0000    11.0000    17.0000     23.0000  0.040575 -1.222963
day_y           295658.0    15.416772     8.964715    1.0000    8.0000    15.0000    23.0000     31.0000  0.016548 -1.206798
month_y         295658.0     6.403304     3.504280    1.0000    3.0000     6.0000     9.0000     12.0000  0.009335 -1.228269
day_of_week_y   295658.0     3.060905     2.026442    0.0000    1.0000     3.0000     5.0000      6.0000 -0.023240 -1.273884
is_weekend_y    295658.0     0.300915     0.458657    0.0000    0.0000     0.0000     1.0000      1.0000  0.868127 -1.246364
2025-02-28 21:56:00,725 - INFO - Time series analysis plot generated.
2025-02-28 21:58:31,483 - INFO - Univariate analysis plots generated.
2025-02-28 22:00:23,378 - INFO - Starting EDA process...
2025-02-28 22:00:24,082 - INFO - Data loaded successfully from merged_cleaned_data.csv. Shape: (295658, 20)
2025-02-28 22:00:24,343 - INFO - Statistical Summary:
                   count         mean          std       min       25%        50%        75%         max  skewness  kurtosis
temperature_2m  295658.0    11.261916     8.134965  -10.4915    4.9585    10.7585    17.3085     37.7085  0.165541 -0.594922
hour_x          295658.0    11.346752     6.932527    0.0000    5.0000    11.0000    17.0000     23.0000  0.040575 -1.222963
day_x           295658.0    15.416772     8.964715    1.0000    8.0000    15.0000    23.0000     31.0000  0.016548 -1.206798
month_x         295658.0     6.403304     3.504280    1.0000    3.0000     6.0000     9.0000     12.0000  0.009335 -1.228269
day_of_week_x   295658.0     3.060905     2.026442    0.0000    1.0000     3.0000     5.0000      6.0000 -0.023240 -1.273884
is_weekend_x    295658.0     0.300915     0.458657    0.0000    0.0000     0.0000     1.0000      1.0000  0.868127 -1.246364
value           295658.0  1553.749400  1451.080186  168.0000  695.0000  1118.0000  1721.0000  10830.0000  2.403490  5.928576
hour_y          295658.0    11.346752     6.932527    0.0000    5.0000    11.0000    17.0000     23.0000  0.040575 -1.222963
day_y           295658.0    15.416772     8.964715    1.0000    8.0000    15.0000    23.0000     31.0000  0.016548 -1.206798
month_y         295658.0     6.403304     3.504280    1.0000    3.0000     6.0000     9.0000     12.0000  0.009335 -1.228269
day_of_week_y   295658.0     3.060905     2.026442    0.0000    1.0000     3.0000     5.0000      6.0000 -0.023240 -1.273884
is_weekend_y    295658.0     0.300915     0.458657    0.0000    0.0000     0.0000     1.0000      1.0000  0.868127 -1.246364
2025-02-28 22:00:36,372 - INFO - Time series analysis plot generated.
2025-02-28 22:02:24,081 - INFO - Univariate analysis plots generated.
2025-02-28 22:02:40,821 - INFO - Correlation analysis heatmap generated.
2025-02-28 22:05:33,641 - INFO - Starting EDA process...
2025-02-28 22:05:34,452 - INFO - Data loaded successfully from merged_cleaned_data.csv. Shape: (295658, 20)
2025-02-28 22:06:55,258 - INFO - Starting EDA process...
2025-02-28 22:06:56,128 - INFO - Data loaded successfully from merged_cleaned_data.csv. Shape: (295658, 20)
2025-02-28 22:10:17,928 - INFO - Augmented Dickey-Fuller test results: ADF Statistic = -34.25297766001587, p-value = 0.0
2025-02-28 22:10:17,940 - INFO - EDA Completed Successfully!
2025-02-28 22:10:17,989 - INFO - EDA process finished!
2025-02-28 22:12:45,317 - INFO - Starting EDA process...
2025-02-28 22:12:46,166 - INFO - Data loaded successfully from merged_cleaned_data.csv. Shape: (295658, 20)
2025-02-28 22:12:46,486 - INFO - Statistical Summary:
                   count         mean          std       min       25%        50%        75%         max  skewness  kurtosis
temperature_2m  295658.0    11.261916     8.134965  -10.4915    4.9585    10.7585    17.3085     37.7085  0.165541 -0.594922
hour_x          295658.0    11.346752     6.932527    0.0000    5.0000    11.0000    17.0000     23.0000  0.040575 -1.222963
day_x           295658.0    15.416772     8.964715    1.0000    8.0000    15.0000    23.0000     31.0000  0.016548 -1.206798
month_x         295658.0     6.403304     3.504280    1.0000    3.0000     6.0000     9.0000     12.0000  0.009335 -1.228269
day_of_week_x   295658.0     3.060905     2.026442    0.0000    1.0000     3.0000     5.0000      6.0000 -0.023240 -1.273884
is_weekend_x    295658.0     0.300915     0.458657    0.0000    0.0000     0.0000     1.0000      1.0000  0.868127 -1.246364
value           295658.0  1553.749400  1451.080186  168.0000  695.0000  1118.0000  1721.0000  10830.0000  2.403490  5.928576
hour_y          295658.0    11.346752     6.932527    0.0000    5.0000    11.0000    17.0000     23.0000  0.040575 -1.222963
day_y           295658.0    15.416772     8.964715    1.0000    8.0000    15.0000    23.0000     31.0000  0.016548 -1.206798
month_y         295658.0     6.403304     3.504280    1.0000    3.0000     6.0000     9.0000     12.0000  0.009335 -1.228269
day_of_week_y   295658.0     3.060905     2.026442    0.0000    1.0000     3.0000     5.0000      6.0000 -0.023240 -1.273884
is_weekend_y    295658.0     0.300915     0.458657    0.0000    0.0000     0.0000     1.0000      1.0000  0.868127 -1.246364
2025-02-28 22:13:19,799 - INFO - Starting EDA process...
2025-02-28 22:13:20,615 - INFO - Data loaded successfully from merged_cleaned_data.csv. Shape: (295658, 20)
2025-02-28 22:17:21,547 - INFO - Starting EDA process...
2025-02-28 22:17:22,316 - INFO - Data loaded successfully from merged_cleaned_data.csv. Shape: (295658, 20)
2025-02-28 22:17:23,363 - INFO - Statistical Summary:
                   count         mean          std       min       25%        50%        75%         max  skewness  kurtosis
temperature_2m  295658.0    11.261916     8.134965  -10.4915    4.9585    10.7585    17.3085     37.7085  0.165541 -0.594922
hour_x          295658.0    11.346752     6.932527    0.0000    5.0000    11.0000    17.0000     23.0000  0.040575 -1.222963
day_x           295658.0    15.416772     8.964715    1.0000    8.0000    15.0000    23.0000     31.0000  0.016548 -1.206798
month_x         295658.0     6.403304     3.504280    1.0000    3.0000     6.0000     9.0000     12.0000  0.009335 -1.228269
day_of_week_x   295658.0     3.060905     2.026442    0.0000    1.0000     3.0000     5.0000      6.0000 -0.023240 -1.273884
is_weekend_x    295658.0     0.300915     0.458657    0.0000    0.0000     0.0000     1.0000      1.0000  0.868127 -1.246364
value           295658.0  1553.749400  1451.080186  168.0000  695.0000  1118.0000  1721.0000  10830.0000  2.403490  5.928576
hour_y          295658.0    11.346752     6.932527    0.0000    5.0000    11.0000    17.0000     23.0000  0.040575 -1.222963
day_y           295658.0    15.416772     8.964715    1.0000    8.0000    15.0000    23.0000     31.0000  0.016548 -1.206798
month_y         295658.0     6.403304     3.504280    1.0000    3.0000     6.0000     9.0000     12.0000  0.009335 -1.228269
day_of_week_y   295658.0     3.060905     2.026442    0.0000    1.0000     3.0000     5.0000      6.0000 -0.023240 -1.273884
is_weekend_y    295658.0     0.300915     0.458657    0.0000    0.0000     0.0000     1.0000      1.0000  0.868127 -1.246364
2025-02-28 22:17:27,501 - INFO - Correlation analysis heatmap generated.
2025-02-28 22:17:28,045 - INFO - Univariate analysis plots generated.
2025-02-28 22:17:34,511 - INFO - Time series analysis plot generated.
2025-02-28 22:17:34,539 - INFO - EDA Completed Successfully!
2025-02-28 22:17:34,552 - INFO - EDA process finished!
2025-02-28 22:21:16,386 - INFO - Starting EDA process...
2025-02-28 22:21:17,136 - INFO - Data loaded successfully from merged_cleaned_data.csv. Shape: (295658, 20)
2025-02-28 22:21:17,308 - INFO - Correlation analysis completed.
2025-02-28 22:21:17,461 - INFO - Statistical Summary:
                   count         mean          std       min       25%        50%        75%         max  skewness  kurtosis
temperature_2m  295658.0    11.261916     8.134965  -10.4915    4.9585    10.7585    17.3085     37.7085  0.165541 -0.594922
hour_x          295658.0    11.346752     6.932527    0.0000    5.0000    11.0000    17.0000     23.0000  0.040575 -1.222963
day_x           295658.0    15.416772     8.964715    1.0000    8.0000    15.0000    23.0000     31.0000  0.016548 -1.206798
month_x         295658.0     6.403304     3.504280    1.0000    3.0000     6.0000     9.0000     12.0000  0.009335 -1.228269
day_of_week_x   295658.0     3.060905     2.026442    0.0000    1.0000     3.0000     5.0000      6.0000 -0.023240 -1.273884
is_weekend_x    295658.0     0.300915     0.458657    0.0000    0.0000     0.0000     1.0000      1.0000  0.868127 -1.246364
value           295658.0  1553.749400  1451.080186  168.0000  695.0000  1118.0000  1721.0000  10830.0000  2.403490  5.928576
hour_y          295658.0    11.346752     6.932527    0.0000    5.0000    11.0000    17.0000     23.0000  0.040575 -1.222963
day_y           295658.0    15.416772     8.964715    1.0000    8.0000    15.0000    23.0000     31.0000  0.016548 -1.206798
month_y         295658.0     6.403304     3.504280    1.0000    3.0000     6.0000     9.0000     12.0000  0.009335 -1.228269
day_of_week_y   295658.0     3.060905     2.026442    0.0000    1.0000     3.0000     5.0000      6.0000 -0.023240 -1.273884
is_weekend_y    295658.0     0.300915     0.458657    0.0000    0.0000     0.0000     1.0000      1.0000  0.868127 -1.246364
2025-02-28 22:21:17,841 - INFO - Optimized ADF Test: ADF Statistic = -7.199192376477501, p-value = 2.390088629331719e-10
2025-02-28 23:13:59,073 - INFO - Starting EDA process...
2025-02-28 23:13:59,716 - INFO - Data loaded successfully from merged_cleaned_data.csv. Shape: (295658, 20)
2025-02-28 23:13:59,930 - INFO - Statistical Summary:
                   count         mean          std       min       25%        50%        75%         max  skewness  kurtosis
temperature_2m  295658.0    11.261916     8.134965  -10.4915    4.9585    10.7585    17.3085     37.7085  0.165541 -0.594922
hour_x          295658.0    11.346752     6.932527    0.0000    5.0000    11.0000    17.0000     23.0000  0.040575 -1.222963
day_x           295658.0    15.416772     8.964715    1.0000    8.0000    15.0000    23.0000     31.0000  0.016548 -1.206798
month_x         295658.0     6.403304     3.504280    1.0000    3.0000     6.0000     9.0000     12.0000  0.009335 -1.228269
day_of_week_x   295658.0     3.060905     2.026442    0.0000    1.0000     3.0000     5.0000      6.0000 -0.023240 -1.273884
is_weekend_x    295658.0     0.300915     0.458657    0.0000    0.0000     0.0000     1.0000      1.0000  0.868127 -1.246364
value           295658.0  1553.749400  1451.080186  168.0000  695.0000  1118.0000  1721.0000  10830.0000  2.403490  5.928576
hour_y          295658.0    11.346752     6.932527    0.0000    5.0000    11.0000    17.0000     23.0000  0.040575 -1.222963
day_y           295658.0    15.416772     8.964715    1.0000    8.0000    15.0000    23.0000     31.0000  0.016548 -1.206798
month_y         295658.0     6.403304     3.504280    1.0000    3.0000     6.0000     9.0000     12.0000  0.009335 -1.228269
day_of_week_y   295658.0     3.060905     2.026442    0.0000    1.0000     3.0000     5.0000      6.0000 -0.023240 -1.273884
is_weekend_y    295658.0     0.300915     0.458657    0.0000    0.0000     0.0000     1.0000      1.0000  0.868127 -1.246364
2025-02-28 23:14:20,710 - INFO - Time series analysis plot generated.
2025-02-28 23:16:24,074 - INFO - Univariate analysis plots generated.
2025-02-28 23:16:35,535 - INFO - Correlation analysis heatmap generated.
2025-02-28 23:16:35,537 - INFO - EDA Completed Successfully!
2025-02-28 23:16:35,546 - INFO - EDA process finished!
