2025-02-28 22:34:31,700 - INFO - Data loaded successfully from merged_cleaned_data.csv. Shape: (295658, 20)
2025-02-28 22:34:31,720 - INFO - temperature_2m: 132 outliers detected via IQR, 132 via Z-score.
2025-02-28 22:34:31,731 - INFO - Capped outliers in temperature_2m using iqr. Bounds: (-13.566499999999998, 35.8335)
2025-02-28 22:34:32,489 - INFO - Capped outliers in temperature_2m using iqr. Bounds: (-13.566499999999998, 35.8335)
2025-02-28 22:34:47,607 - INFO - hour_x: 0 outliers detected via IQR, 0 via Z-score.
2025-02-28 22:34:47,617 - INFO - Capped outliers in hour_x using iqr. Bounds: (-13.0, 35.0)
2025-02-28 22:34:48,114 - INFO - Capped outliers in hour_x using iqr. Bounds: (-13.0, 35.0)
2025-02-28 22:34:52,565 - INFO - day_x: 0 outliers detected via IQR, 0 via Z-score.
2025-02-28 22:34:52,575 - INFO - Capped outliers in day_x using iqr. Bounds: (-14.5, 45.5)
2025-02-28 22:34:53,018 - INFO - Capped outliers in day_x using iqr. Bounds: (-14.5, 45.5)
2025-02-28 22:34:55,923 - INFO - month_x: 0 outliers detected via IQR, 0 via Z-score.
2025-02-28 22:34:55,933 - INFO - Capped outliers in month_x using iqr. Bounds: (-6.0, 18.0)
2025-02-28 22:34:56,372 - INFO - Capped outliers in month_x using iqr. Bounds: (-6.0, 18.0)
2025-02-28 22:34:58,449 - INFO - day_of_week_x: 0 outliers detected via IQR, 0 via Z-score.
2025-02-28 22:34:58,459 - INFO - Capped outliers in day_of_week_x using iqr. Bounds: (-5.0, 11.0)
2025-02-28 22:34:58,909 - INFO - Capped outliers in day_of_week_x using iqr. Bounds: (-5.0, 11.0)
2025-02-28 22:35:02,734 - INFO - is_weekend_x: 0 outliers detected via IQR, 0 via Z-score.
2025-02-28 22:35:02,743 - INFO - Capped outliers in is_weekend_x using iqr. Bounds: (-1.5, 2.5)
2025-02-28 22:35:03,195 - INFO - Capped outliers in is_weekend_x using iqr. Bounds: (-1.5, 2.5)
2025-02-28 22:35:06,781 - INFO - value: 29087 outliers detected via IQR, 8442 via Z-score.
2025-02-28 22:35:06,808 - INFO - Capped outliers in value using iqr. Bounds: (-844.0, 3260.0)
2025-02-28 22:35:07,274 - INFO - Capped outliers in value using iqr. Bounds: (-844.0, 3260.0)
2025-02-28 22:35:09,896 - INFO - hour_y: 0 outliers detected via IQR, 0 via Z-score.
2025-02-28 22:35:09,908 - INFO - Capped outliers in hour_y using iqr. Bounds: (-13.0, 35.0)
2025-02-28 22:35:10,358 - INFO - Capped outliers in hour_y using iqr. Bounds: (-13.0, 35.0)
2025-02-28 22:35:12,861 - INFO - day_y: 0 outliers detected via IQR, 0 via Z-score.
2025-02-28 22:35:12,873 - INFO - Capped outliers in day_y using iqr. Bounds: (-14.5, 45.5)
2025-02-28 22:35:13,336 - INFO - Capped outliers in day_y using iqr. Bounds: (-14.5, 45.5)
2025-02-28 22:35:15,936 - INFO - month_y: 0 outliers detected via IQR, 0 via Z-score.
2025-02-28 22:35:15,946 - INFO - Capped outliers in month_y using iqr. Bounds: (-6.0, 18.0)
2025-02-28 22:35:16,395 - INFO - Capped outliers in month_y using iqr. Bounds: (-6.0, 18.0)
2025-02-28 22:35:18,651 - INFO - day_of_week_y: 0 outliers detected via IQR, 0 via Z-score.
2025-02-28 22:35:18,662 - INFO - Capped outliers in day_of_week_y using iqr. Bounds: (-5.0, 11.0)
2025-02-28 22:35:19,106 - INFO - Capped outliers in day_of_week_y using iqr. Bounds: (-5.0, 11.0)
2025-02-28 22:35:21,297 - INFO - is_weekend_y: 0 outliers detected via IQR, 0 via Z-score.
2025-02-28 22:35:21,309 - INFO - Capped outliers in is_weekend_y using iqr. Bounds: (-1.5, 2.5)
2025-02-28 22:35:21,745 - INFO - Capped outliers in is_weekend_y using iqr. Bounds: (-1.5, 2.5)
2025-02-28 22:35:27,391 - INFO - Cleaned dataset saved to cleaned_data_with_capped_outliers.csv
